12:06:45.633 [restartedMain] WARN  o.s.b.d.a.OptionalLiveReloadServer - Unable to start LiveReload server
12:06:45.796 [restartedMain] ERROR o.a.coyote.http11.Http11NioProtocol - Failed to start end point associated with ProtocolHandler ["http-nio-8080"]
java.net.BindException: Address already in use
	at sun.nio.ch.Net.bind0(Native Method) ~[na:1.8.0_162]
	at sun.nio.ch.Net.bind(Net.java:433) ~[na:1.8.0_162]
	at sun.nio.ch.Net.bind(Net.java:425) ~[na:1.8.0_162]
	at sun.nio.ch.ServerSocketChannelImpl.bind(ServerSocketChannelImpl.java:223) ~[na:1.8.0_162]
	at sun.nio.ch.ServerSocketAdaptor.bind(ServerSocketAdaptor.java:74) ~[na:1.8.0_162]
	at org.apache.tomcat.util.net.NioEndpoint.bind(NioEndpoint.java:338) ~[tomcat-embed-core-8.0.23.jar:8.0.23]
	at org.apache.tomcat.util.net.AbstractEndpoint.start(AbstractEndpoint.java:760) ~[tomcat-embed-core-8.0.23.jar:8.0.23]
	at org.apache.coyote.AbstractProtocol.start(AbstractProtocol.java:472) ~[tomcat-embed-core-8.0.23.jar:8.0.23]
	at org.apache.catalina.connector.Connector.startInternal(Connector.java:986) [tomcat-embed-core-8.0.23.jar:8.0.23]
	at org.apache.catalina.util.LifecycleBase.start(LifecycleBase.java:150) [tomcat-embed-core-8.0.23.jar:8.0.23]
	at org.apache.catalina.core.StandardService.addConnector(StandardService.java:237) [tomcat-embed-core-8.0.23.jar:8.0.23]
	at org.springframework.boot.context.embedded.tomcat.TomcatEmbeddedServletContainer.addPreviouslyRemovedConnectors(TomcatEmbeddedServletContainer.java:186) [spring-boot-1.3.0.M1.jar:1.3.0.M1]
	at org.springframework.boot.context.embedded.tomcat.TomcatEmbeddedServletContainer.start(TomcatEmbeddedServletContainer.java:149) [spring-boot-1.3.0.M1.jar:1.3.0.M1]
	at org.springframework.boot.context.embedded.EmbeddedWebApplicationContext.startEmbeddedServletContainer(EmbeddedWebApplicationContext.java:288) [spring-boot-1.3.0.M1.jar:1.3.0.M1]
	at org.springframework.boot.context.embedded.EmbeddedWebApplicationContext.finishRefresh(EmbeddedWebApplicationContext.java:141) [spring-boot-1.3.0.M1.jar:1.3.0.M1]
	at org.springframework.context.support.AbstractApplicationContext.refresh(AbstractApplicationContext.java:524) [spring-context-4.2.0.RC1.jar:4.2.0.RC1]
	at org.springframework.boot.context.embedded.EmbeddedWebApplicationContext.refresh(EmbeddedWebApplicationContext.java:118) [spring-boot-1.3.0.M1.jar:1.3.0.M1]
	at org.springframework.boot.SpringApplication.refresh(SpringApplication.java:678) [spring-boot-1.3.0.M1.jar:1.3.0.M1]
	at org.springframework.boot.SpringApplication.doRun(SpringApplication.java:339) [spring-boot-1.3.0.M1.jar:1.3.0.M1]
	at org.springframework.boot.SpringApplication.run(SpringApplication.java:274) [spring-boot-1.3.0.M1.jar:1.3.0.M1]
	at org.springframework.boot.SpringApplication.run(SpringApplication.java:931) [spring-boot-1.3.0.M1.jar:1.3.0.M1]
	at org.springframework.boot.SpringApplication.run(SpringApplication.java:920) [spring-boot-1.3.0.M1.jar:1.3.0.M1]
	at com.wisely.WebBoatApplication.main(WebBoatApplication.java:14) [classes/:na]
	at sun.reflect.NativeMethodAccessorImpl.invoke0(Native Method) ~[na:1.8.0_162]
	at sun.reflect.NativeMethodAccessorImpl.invoke(NativeMethodAccessorImpl.java:62) ~[na:1.8.0_162]
	at sun.reflect.DelegatingMethodAccessorImpl.invoke(DelegatingMethodAccessorImpl.java:43) ~[na:1.8.0_162]
	at java.lang.reflect.Method.invoke(Method.java:498) ~[na:1.8.0_162]
	at org.springframework.boot.devtools.restart.RestartLauncher.run(RestartLauncher.java:49) [spring-boot-devtools-1.3.0.M1.jar:1.3.0.M1]
12:06:45.798 [restartedMain] ERROR o.a.catalina.core.StandardService - Failed to start connector [Connector[HTTP/1.1-8080]]
org.apache.catalina.LifecycleException: Failed to start component [Connector[HTTP/1.1-8080]]
	at org.apache.catalina.util.LifecycleBase.start(LifecycleBase.java:154) ~[tomcat-embed-core-8.0.23.jar:8.0.23]
	at org.apache.catalina.core.StandardService.addConnector(StandardService.java:237) ~[tomcat-embed-core-8.0.23.jar:8.0.23]
	at org.springframework.boot.context.embedded.tomcat.TomcatEmbeddedServletContainer.addPreviouslyRemovedConnectors(TomcatEmbeddedServletContainer.java:186) [spring-boot-1.3.0.M1.jar:1.3.0.M1]
	at org.springframework.boot.context.embedded.tomcat.TomcatEmbeddedServletContainer.start(TomcatEmbeddedServletContainer.java:149) [spring-boot-1.3.0.M1.jar:1.3.0.M1]
	at org.springframework.boot.context.embedded.EmbeddedWebApplicationContext.startEmbeddedServletContainer(EmbeddedWebApplicationContext.java:288) [spring-boot-1.3.0.M1.jar:1.3.0.M1]
	at org.springframework.boot.context.embedded.EmbeddedWebApplicationContext.finishRefresh(EmbeddedWebApplicationContext.java:141) [spring-boot-1.3.0.M1.jar:1.3.0.M1]
	at org.springframework.context.support.AbstractApplicationContext.refresh(AbstractApplicationContext.java:524) [spring-context-4.2.0.RC1.jar:4.2.0.RC1]
	at org.springframework.boot.context.embedded.EmbeddedWebApplicationContext.refresh(EmbeddedWebApplicationContext.java:118) [spring-boot-1.3.0.M1.jar:1.3.0.M1]
	at org.springframework.boot.SpringApplication.refresh(SpringApplication.java:678) [spring-boot-1.3.0.M1.jar:1.3.0.M1]
	at org.springframework.boot.SpringApplication.doRun(SpringApplication.java:339) [spring-boot-1.3.0.M1.jar:1.3.0.M1]
	at org.springframework.boot.SpringApplication.run(SpringApplication.java:274) [spring-boot-1.3.0.M1.jar:1.3.0.M1]
	at org.springframework.boot.SpringApplication.run(SpringApplication.java:931) [spring-boot-1.3.0.M1.jar:1.3.0.M1]
	at org.springframework.boot.SpringApplication.run(SpringApplication.java:920) [spring-boot-1.3.0.M1.jar:1.3.0.M1]
	at com.wisely.WebBoatApplication.main(WebBoatApplication.java:14) [classes/:na]
	at sun.reflect.NativeMethodAccessorImpl.invoke0(Native Method) ~[na:1.8.0_162]
	at sun.reflect.NativeMethodAccessorImpl.invoke(NativeMethodAccessorImpl.java:62) ~[na:1.8.0_162]
	at sun.reflect.DelegatingMethodAccessorImpl.invoke(DelegatingMethodAccessorImpl.java:43) ~[na:1.8.0_162]
	at java.lang.reflect.Method.invoke(Method.java:498) ~[na:1.8.0_162]
	at org.springframework.boot.devtools.restart.RestartLauncher.run(RestartLauncher.java:49) [spring-boot-devtools-1.3.0.M1.jar:1.3.0.M1]
Caused by: org.apache.catalina.LifecycleException: service.getName(): "Tomcat";  Protocol handler start failed
	at org.apache.catalina.connector.Connector.startInternal(Connector.java:993) ~[tomcat-embed-core-8.0.23.jar:8.0.23]
	at org.apache.catalina.util.LifecycleBase.start(LifecycleBase.java:150) ~[tomcat-embed-core-8.0.23.jar:8.0.23]
	... 18 common frames omitted
Caused by: java.net.BindException: Address already in use
	at sun.nio.ch.Net.bind0(Native Method) ~[na:1.8.0_162]
	at sun.nio.ch.Net.bind(Net.java:433) ~[na:1.8.0_162]
	at sun.nio.ch.Net.bind(Net.java:425) ~[na:1.8.0_162]
	at sun.nio.ch.ServerSocketChannelImpl.bind(ServerSocketChannelImpl.java:223) ~[na:1.8.0_162]
	at sun.nio.ch.ServerSocketAdaptor.bind(ServerSocketAdaptor.java:74) ~[na:1.8.0_162]
	at org.apache.tomcat.util.net.NioEndpoint.bind(NioEndpoint.java:338) ~[tomcat-embed-core-8.0.23.jar:8.0.23]
	at org.apache.tomcat.util.net.AbstractEndpoint.start(AbstractEndpoint.java:760) ~[tomcat-embed-core-8.0.23.jar:8.0.23]
	at org.apache.coyote.AbstractProtocol.start(AbstractProtocol.java:472) ~[tomcat-embed-core-8.0.23.jar:8.0.23]
	at org.apache.catalina.connector.Connector.startInternal(Connector.java:986) ~[tomcat-embed-core-8.0.23.jar:8.0.23]
	... 19 common frames omitted
12:06:45.814 [restartedMain] ERROR o.s.boot.SpringApplication - Application startup failed
java.lang.IllegalStateException: Tomcat connector in failed state
	at org.springframework.boot.context.embedded.tomcat.TomcatEmbeddedServletContainer.start(TomcatEmbeddedServletContainer.java:157) ~[spring-boot-1.3.0.M1.jar:1.3.0.M1]
	at org.springframework.boot.context.embedded.EmbeddedWebApplicationContext.startEmbeddedServletContainer(EmbeddedWebApplicationContext.java:288) ~[spring-boot-1.3.0.M1.jar:1.3.0.M1]
	at org.springframework.boot.context.embedded.EmbeddedWebApplicationContext.finishRefresh(EmbeddedWebApplicationContext.java:141) ~[spring-boot-1.3.0.M1.jar:1.3.0.M1]
	at org.springframework.context.support.AbstractApplicationContext.refresh(AbstractApplicationContext.java:524) ~[spring-context-4.2.0.RC1.jar:4.2.0.RC1]
	at org.springframework.boot.context.embedded.EmbeddedWebApplicationContext.refresh(EmbeddedWebApplicationContext.java:118) ~[spring-boot-1.3.0.M1.jar:1.3.0.M1]
	at org.springframework.boot.SpringApplication.refresh(SpringApplication.java:678) [spring-boot-1.3.0.M1.jar:1.3.0.M1]
	at org.springframework.boot.SpringApplication.doRun(SpringApplication.java:339) [spring-boot-1.3.0.M1.jar:1.3.0.M1]
	at org.springframework.boot.SpringApplication.run(SpringApplication.java:274) [spring-boot-1.3.0.M1.jar:1.3.0.M1]
	at org.springframework.boot.SpringApplication.run(SpringApplication.java:931) [spring-boot-1.3.0.M1.jar:1.3.0.M1]
	at org.springframework.boot.SpringApplication.run(SpringApplication.java:920) [spring-boot-1.3.0.M1.jar:1.3.0.M1]
	at com.wisely.WebBoatApplication.main(WebBoatApplication.java:14) [classes/:na]
	at sun.reflect.NativeMethodAccessorImpl.invoke0(Native Method) ~[na:1.8.0_162]
	at sun.reflect.NativeMethodAccessorImpl.invoke(NativeMethodAccessorImpl.java:62) ~[na:1.8.0_162]
	at sun.reflect.DelegatingMethodAccessorImpl.invoke(DelegatingMethodAccessorImpl.java:43) ~[na:1.8.0_162]
	at java.lang.reflect.Method.invoke(Method.java:498) ~[na:1.8.0_162]
	at org.springframework.boot.devtools.restart.RestartLauncher.run(RestartLauncher.java:49) [spring-boot-devtools-1.3.0.M1.jar:1.3.0.M1]
